<?xml version="1.0" encoding="UTF-8"?>
<testng-results ignored="0" total="1" passed="1" failed="0" skipped="0">
  <reporter-output>
  </reporter-output>
  <suite started-at="2024-10-20T22:02:03 IST" name="Default suite" finished-at="2024-10-20T22:03:32 IST" duration-ms="88122">
    <groups>
    </groups>
    <test started-at="2024-10-20T22:02:03 IST" name="Default test" finished-at="2024-10-20T22:03:32 IST" duration-ms="88122">
      <class name="assignments.AmazonAssertTask">
        <test-method is-config="true" signature="setup()[pri:0, instance:assignments.AmazonAssertTask@19e4653c]" started-at="2024-10-20T22:02:03 IST" name="setup" finished-at="2024-10-20T22:02:22 IST" duration-ms="18491" status="PASS">
          <reporter-output>
          </reporter-output>
        </test-method> <!-- setup -->
        <test-method is-config="true" signature="url()[pri:0, instance:assignments.AmazonAssertTask@19e4653c]" started-at="2024-10-20T22:02:22 IST" name="url" finished-at="2024-10-20T22:02:49 IST" duration-ms="27495" status="PASS">
          <reporter-output>
          </reporter-output>
        </test-method> <!-- url -->
        <test-method signature="test()[pri:0, instance:assignments.AmazonAssertTask@19e4653c]" started-at="2024-10-20T22:02:49 IST" name="test" finished-at="2024-10-20T22:03:31 IST" duration-ms="41955" status="PASS">
          <reporter-output>
          </reporter-output>
        </test-method> <!-- test -->
      </class> <!-- assignments.AmazonAssertTask -->
    </test> <!-- Default test -->
  </suite> <!-- Default suite -->
</testng-results>
